<?xml version="1.0" encoding="UTF-8"?>
<!-- Generated by org.testng.reporters.JUnitReportReporter -->
<testsuite hostname="Ankit-Laptop" failures="0" tests="1" name="org.example.dragndrop" time="7.457" errors="0" timestamp="2023-05-11T10:36:39 IST" skipped="0">
  <testcase classname="org.example.dragndrop" name="drag" time="7.457"/>
  <system-out/>
</testsuite> <!-- org.example.dragndrop -->
