<?xml version="1.0" encoding="UTF-8"?>
<!-- Generated by org.testng.reporters.JUnitReportReporter -->
<testsuite hostname="Ankit-Laptop" failures="0" tests="1" name="org.example.OrangeLogin" time="8.808" errors="0" timestamp="2023-05-11T14:13:37 IST" skipped="0">
  <testcase classname="org.example.OrangeLogin" name="login" time="8.808"/>
  <system-out/>
</testsuite> <!-- org.example.OrangeLogin -->
